Test Mode: /Users/alexiskyaw/Desktop/Code/tom2/xternal/tom_module_d4rt/tom_d4rt_dcli/test/replay/test_dcli_filesystem.dcli
Started: 2026-02-05T13:28:04.721509

Lines executed: 54

REPORTED ERRORS (43):
  - SourceCodeException: Failed to parse expression:
- Expected to find ';'. (line 2, column 10)
Problematic code: [Object? __repl_expr__() {
  return import 'dart:io';
}
]
  - SourceCodeException: Failed to parse expression:

Problematic code: [import 'dart:io';]
  - SourceCodeException: Failed to parse expression:
- Expected to find ';'. (line 2, column 10)
Problematic code: [Object? __repl_expr__() {
  return import 'dart:convert';
}
]
  - SourceCodeException: Failed to parse expression:

Problematic code: [import 'dart:convert';]
  - SourceCodeException: Failed to parse expression:
- Expected an identifier. (line 2, column 10)
- Expected to find ';'. (line 2, column 3)
Problematic code: [Object? __repl_expr__() {
  return var cwd = Directory.current;
}
]
  - Runtime Error: Undefined variable: this
  - Runtime Error: Undefined variable: this
  - Runtime Error: Undefined variable: this
  - Runtime Error: Undefined variable: this
  - Runtime Error: Undefined variable: this
  - Runtime Error: Undefined variable: this
  - SourceCodeException: Failed to parse expression:
- Expected an identifier. (line 2, column 10)
- Expected to find ';'. (line 2, column 3)
Problematic code: [Object? __repl_expr__() {
  return var tempDir = Directory.systemTemp;
}
]
  - Runtime Error: Undefined variable: this
  - Runtime Error: Undefined variable: this
  - SourceCodeException: Failed to parse expression:
- Expected an identifier. (line 2, column 10)
- Expected to find ';'. (line 2, column 3)
Problematic code: [Object? __repl_expr__() {
  return var testPath = '${Directory.systemTemp.path}/dcli_test_${DateTime.now().millisecondsSinceEpoch}.txt';
}
]
  - Runtime Error: Cannot bridge native object: No registered bridged class found for native type BridgedClass.
  - SourceCodeException: Failed to parse expression:
- Expected an identifier. (line 2, column 10)
- Expected to find ';'. (line 2, column 3)
Problematic code: [Object? __repl_expr__() {
  return var testFile = File(testPath);
}
]
  - Runtime Error: Undefined variable: this
  - Runtime Error: Undefined variable: this
  - Runtime Error: Undefined variable: this
  - Runtime Error: Undefined variable: this
  - SourceCodeException: Failed to parse expression:
- Expected an identifier. (line 2, column 10)
- Expected to find ';'. (line 2, column 3)
Problematic code: [Object? __repl_expr__() {
  return var content = testFile.readAsStringSync();
}
]
  - Runtime Error: Undefined variable: this
  - Runtime Error: Undefined variable: this
  - SourceCodeException: Failed to parse expression:
- Expected an identifier. (line 2, column 10)
- Expected to find ';'. (line 2, column 3)
Problematic code: [Object? __repl_expr__() {
  return var stats = testFile.statSync();
}
]
  - Runtime Error: Undefined variable: this
  - Runtime Error: Undefined variable: this
  - Runtime Error: Undefined variable: this
  - Runtime Error: Undefined variable: this
  - Runtime Error: Undefined variable: this
  - Runtime Error: Undefined variable: this
  - SourceCodeException: Failed to parse expression:
- Expected an identifier. (line 2, column 10)
- Expected to find ';'. (line 2, column 3)
Problematic code: [Object? __repl_expr__() {
  return var dir = Directory('${Directory.systemTemp.path}/dcli_testdir_${DateTime.now().millisecondsSinceEpoch}');
}
]
  - Runtime Error: Cannot bridge native object: No registered bridged class found for native type BridgedClass.
  - Runtime Error: Undefined variable: this
  - Runtime Error: Undefined variable: this
  - Runtime Error: Undefined variable: this
  - Runtime Error: Undefined variable: this
  - Runtime Error: Undefined variable: this
  - Runtime Error: Undefined variable: this
  - Runtime Error: Undefined variable: this
  - Runtime Error: Undefined variable: this
  - Runtime Error: Undefined variable: this
  - Runtime Error: Undefined variable: this

Result: FAILED
Completed: 2026-02-05T13:28:05.293204
