Test Mode: /Users/alexiskyaw/Desktop/Code/tom2/xternal/tom_module_d4rt/tom_d4rt_dcli/test/replay/test_dcli_multiline.dcli
Started: 2026-02-05T13:29:42.646700

Lines executed: 83

REPORTED ERRORS (78):
  - SourceCodeException: Failed to parse expression:
- Expected an identifier. (line 2, column 10)
- Expected to find ';'. (line 2, column 3)
Problematic code: [Object? __repl_expr__() {
  return var counter = Counter();
}
]
  - Runtime Error: Undefined variable: this
  - Runtime Error: Undefined variable: this
  - Runtime Error: Undefined static field 'increment' on class '<class Counter>.name'.
  - Runtime Error: Undefined variable: _count
  - Runtime Error: Undefined variable: this
  - Runtime Error: Undefined variable: this
  - Runtime Error: Undefined static field 'increment' on class '<class Counter>.name'.
  - Runtime Error: Undefined variable: _count
  - Runtime Error: Undefined variable: this
  - Runtime Error: Undefined variable: this
  - Runtime Error: Undefined variable: _count
  - Runtime Error: Undefined variable: this
  - Runtime Error: Undefined variable: this
  - Runtime Error: Undefined static field 'decrement' on class '<class Counter>.name'.
  - Runtime Error: Undefined variable: _count
  - Runtime Error: Undefined variable: this
  - Runtime Error: Undefined variable: this
  - Runtime Error: Undefined variable: _count
  - Runtime Error: Undefined variable: this
  - Runtime Error: Undefined variable: this
  - Runtime Error: Undefined variable: this
  - Runtime Error: Undefined variable: this
  - Runtime Error: Undefined variable: this
  - Runtime Error: Undefined variable: this
  - Runtime Error: Undefined variable: this
  - Runtime Error: Undefined variable: this
  - Runtime Error: Undefined variable: this
  - Runtime Error: Undefined variable: this
  - Runtime Error: Undefined variable: this
  - Runtime Error: Undefined variable: this
  - Runtime Error: Undefined variable: this
  - Runtime Error: Undefined variable: this
  - Runtime Error: Undefined variable: this
  - Runtime Error: Undefined variable: this
  - Runtime Error: Undefined variable: this
  - Runtime Error: Undefined variable: this
  - Runtime Error: Undefined variable: this
  - Runtime Error: Undefined variable: this
  - Runtime Error: Undefined variable: this
  - Runtime Error: Undefined variable: this
  - Runtime Error: Undefined variable: this
  - Runtime Error: Undefined variable: this
  - Runtime Error: Undefined variable: this
  - Runtime Error: Undefined variable: this
  - Runtime Error: Undefined variable: this
  - Runtime Error: Undefined variable: this
  - Runtime Error: Undefined variable: this
  - Runtime Error: Undefined variable: this
  - Runtime Error: Undefined variable: this
  - Runtime Error: Undefined variable: this
  - Runtime Error: Undefined variable: this
  - Runtime Error: Undefined variable: this
  - Runtime Error: Undefined variable: this
  - Runtime Error: Undefined variable: this
  - Runtime Error: Undefined variable: this
  - Runtime Error: Undefined variable: this
  - Runtime Error: Undefined variable: this
  - Runtime Error: Undefined variable: this
  - Runtime Error: Undefined variable: this
  - Runtime Error: Undefined variable: this
  - Runtime Error: Undefined variable: this
  - SourceCodeException: Failed to parse expression:
- Expected an identifier. (line 2, column 10)
- Expected to find ';'. (line 2, column 3)
Problematic code: [Object? __repl_expr__() {
  return var calc = Calculator();
}
]
  - Runtime Error: Undefined variable: this
  - Runtime Error: Undefined variable: this
  - Runtime Error: Undefined static field 'add' on class '<class Calculator>.name'.
  - Runtime Error: Undefined variable: this
  - Runtime Error: Undefined variable: this
  - Runtime Error: Undefined static field 'subtract' on class '<class Calculator>.name'.
  - Runtime Error: Undefined variable: this
  - Runtime Error: Undefined variable: this
  - Runtime Error: Undefined static field 'multiply' on class '<class Calculator>.name'.
  - Runtime Error: Undefined variable: this
  - Runtime Error: Undefined variable: this
  - Runtime Error: Undefined static field 'divide' on class '<class Calculator>.name'.
  - SourceCodeException: Fatal parsing errors for the direct source:
- Expected to find ')'. (line 2, column 16)
- A function body must be provided. (line 2, column 56)
Problematic code: [var testVar = 100;
verify(testVar == 100, '.start-execute variable works');]
  - Runtime Error: Undefined variable: this
  - Runtime Error: Undefined variable: this

Result: FAILED
Completed: 2026-02-05T13:29:43.051073
