Test Mode: /Users/alexiskyaw/Desktop/Code/tom2/xternal/tom_module_d4rt/tom_d4rt_dcli/test/replay/test_dcli_math.dcli
Started: 2026-02-05T13:29:23.522984

Lines executed: 46

REPORTED ERRORS (34):
  - SourceCodeException: Failed to parse expression:
- Expected to find ';'. (line 2, column 10)
Problematic code: [Object? __repl_expr__() {
  return import 'dart:io';
}
]
  - SourceCodeException: Failed to parse expression:

Problematic code: [import 'dart:io';]
  - SourceCodeException: Failed to parse expression:
- Expected to find ';'. (line 2, column 10)
Problematic code: [Object? __repl_expr__() {
  return import 'dart:math';
}
]
  - SourceCodeException: Failed to parse expression:

Problematic code: [import 'dart:math';]
  - Runtime Error: Undefined variable: this
  - Runtime Error: Undefined variable: this
  - Runtime Error: Undefined variable: this
  - Runtime Error: Undefined variable: this
  - Runtime Error: Undefined variable: this
  - Runtime Error: Undefined variable: this
  - Runtime Error: Undefined variable: this
  - Runtime Error: Undefined variable: this
  - Runtime Error: Undefined variable: this
  - Runtime Error: Undefined variable: this
  - Runtime Error: Undefined variable: this
  - Runtime Error: Undefined variable: this
  - Runtime Error: Undefined variable: this
  - Runtime Error: Undefined variable: this
  - Runtime Error: Undefined variable: this
  - Runtime Error: Undefined variable: this
  - SourceCodeException: Failed to parse expression:
- Expected an identifier. (line 2, column 10)
- Expected to find ';'. (line 2, column 3)
Problematic code: [Object? __repl_expr__() {
  return var sinVal = sin(0);
}
]
  - Runtime Error: Undefined variable: this
  - Runtime Error: Undefined variable: this
  - SourceCodeException: Failed to parse expression:
- Expected an identifier. (line 2, column 10)
- Expected to find ';'. (line 2, column 3)
Problematic code: [Object? __repl_expr__() {
  return var cosVal = cos(0);
}
]
  - Runtime Error: Undefined variable: this
  - Runtime Error: Undefined variable: this
  - SourceCodeException: Failed to parse expression:
- Expected an identifier. (line 2, column 10)
- Expected to find ';'. (line 2, column 3)
Problematic code: [Object? __repl_expr__() {
  return var atanVal = atan(0);
}
]
  - Runtime Error: Undefined variable: this
  - Runtime Error: Undefined variable: this
  - SourceCodeException: Failed to parse expression:
- Expected an identifier. (line 2, column 10)
- Expected to find ';'. (line 2, column 3)
Problematic code: [Object? __repl_expr__() {
  return var atan2Val = atan2(0, 1);
}
]
  - Runtime Error: Undefined variable: this
  - Runtime Error: Undefined variable: this
  - Runtime Error: Undefined variable: this
  - Runtime Error: Undefined variable: this

Result: FAILED
Completed: 2026-02-05T13:29:23.986988
